\BOOKMARK [0][-]{chapter*.1}{List of Tables}{}% 1
\BOOKMARK [0][-]{chapter*.2}{List of Figures}{}% 2
\BOOKMARK [0][-]{chapter*.4}{Acknowledgements}{}% 3
\BOOKMARK [0][-]{chapter.1}{Introduction}{}% 4
\BOOKMARK [1][-]{section.1.1}{Problem Statement}{chapter.1}% 5
\BOOKMARK [1][-]{section.1.2}{Contributions}{chapter.1}% 6
\BOOKMARK [0][-]{chapter.2}{Background \046 Related Work}{}% 7
\BOOKMARK [1][-]{section.2.1}{Introduction}{chapter.2}% 8
\BOOKMARK [1][-]{section.2.2}{Overview}{chapter.2}% 9
\BOOKMARK [1][-]{section.2.3}{Background Topic 1}{chapter.2}% 10
\BOOKMARK [1][-]{section.2.4}{Background Topic 2}{chapter.2}% 11
\BOOKMARK [1][-]{section.2.5}{Discussion}{chapter.2}% 12
\BOOKMARK [1][-]{section.2.6}{Conclusion}{chapter.2}% 13
\BOOKMARK [0][-]{chapter.3}{A Lightly Edited Version of a Submitted Conference or Journal Paper}{}% 14
\BOOKMARK [1][-]{section.3.1}{Introduction}{chapter.3}% 15
\BOOKMARK [2][-]{subsection.3.1.1}{Contributions}{section.3.1}% 16
\BOOKMARK [1][-]{section.3.2}{Prior Art}{chapter.3}% 17
\BOOKMARK [1][-]{section.3.3}{Description Of Approach}{chapter.3}% 18
\BOOKMARK [1][-]{section.3.4}{Evaluation}{chapter.3}% 19
\BOOKMARK [2][-]{subsection.3.4.1}{Data}{section.3.4}% 20
\BOOKMARK [2][-]{subsection.3.4.2}{Validation}{section.3.4}% 21
\BOOKMARK [2][-]{subsection.3.4.3}{Comparison to Prior Art}{section.3.4}% 22
\BOOKMARK [1][-]{section.3.5}{Results}{chapter.3}% 23
\BOOKMARK [1][-]{section.3.6}{Conclusion}{chapter.3}% 24
\BOOKMARK [0][-]{chapter.4}{Another Paper Goes Here}{}% 25
\BOOKMARK [0][-]{chapter.5}{Conclusion}{}% 26
\BOOKMARK [0][-]{appendix.A}{Sample Appendix}{}% 27
\BOOKMARK [0][-]{appendix.B}{Milestones}{}% 28
\BOOKMARK [1][-]{section.B.1}{Tasks}{appendix.B}% 29
\BOOKMARK [2][-]{subsection.B.1.1}{Task 1: Experimental Setup}{section.B.1}% 30
\BOOKMARK [2][-]{subsection.B.1.2}{Task 2: Baseline Implementation}{section.B.1}% 31
\BOOKMARK [2][-]{subsection.B.1.3}{Task 3: Complete Experiments}{section.B.1}% 32
\BOOKMARK [2][-]{subsection.B.1.4}{Task 4: Describe Approach}{section.B.1}% 33
\BOOKMARK [1][-]{section.B.2}{Milestones}{appendix.B}% 34
\BOOKMARK [2][-]{subsection.B.2.1}{Milestone 1: Chapter submitted for publication}{section.B.2}% 35
\BOOKMARK [2][-]{subsection.B.2.2}{Milestone 2: Format Check}{section.B.2}% 36
\BOOKMARK [2][-]{subsection.B.2.3}{Milestone 3: Thesis to Committee}{section.B.2}% 37
\BOOKMARK [2][-]{subsection.B.2.4}{Milestone 4: Thesis Defense}{section.B.2}% 38
\BOOKMARK [0][-]{section*.15}{Glossary}{}% 39
\BOOKMARK [0][-]{section*.17}{Acronyms}{}% 40
\BOOKMARK [0][-]{section*.19}{Symbols}{}% 41
\BOOKMARK [0][-]{appendix*.20}{References}{}% 42
